{Sat 12:41:20 Step:175} WorldParser.py: Obtive 'foul': bytearray(b'foul') at 62, 
Msg: yOn))(foul 8)(GYR (n
{Sat 12:41:26 Step:448} WorldParser.py: Obtive 'foul': bytearray(b'foul') at 62, 
Msg: yOn))(foul 8)(GYR (n
{Sat 12:41:42 Step:1265} WorldParser.py: Obtive 'foul': bytearray(b'foul') at 63, 
Msg: yOn))(foul 8)(GYR (n
{Sat 12:41:59 Step:2053} WorldParser.py: Obtive 'foul': bytearray(b'foul') at 63, 
Msg: yOn))(foul 8)(GYR (n
{Sat 12:42:13 Step:2754} WorldParser.py: Obtive 'foul': bytearray(b'foul') at 63, 
Msg: yOn))(foul 8)(GYR (n
{Sat 12:42:24 Step:3} WorldParser.py: Obtive 'foul': bytearray(b'foul') at 84, 
Msg: yOn))(foul 8)(foul 8
{Sat 12:42:24 Step:3} WorldParser.py: Obtive 'foul': bytearray(b'foul') at 92, 
Msg: ul 8)(foul 8)(foul 8
{Sat 12:42:24 Step:3} WorldParser.py: Obtive 'foul': bytearray(b'foul') at 100, 
Msg: ul 8)(foul 8)(foul 8
{Sat 12:42:24 Step:3} WorldParser.py: Obtive 'foul': bytearray(b'foul') at 108, 
Msg: ul 8)(foul 8)(foul 8
{Sat 12:42:24 Step:3} WorldParser.py: Obtive 'foul': bytearray(b'foul') at 116, 
Msg: ul 8)(foul 8)(GYR (n
